<?xml version="1.0" encoding="UTF-8"?>
<!-- Generated by org.testng.reporters.JUnitXMLReporter -->
<testsuite ignored="0" hostname="DESKTOP-4F12GA8" failures="0" tests="2" name="Default test" time="18.1" errors="0" timestamp="2024-08-09T15:16:17 IST">
  <testcase classname="CoverFoxListnerTestclass.ListnerTestClass" name="validateBanners" time="0.259"/>
  <testcase classname="CoverFoxListnerTestclass.ListnerTestClass" name="validatePresenceOfSortDropdown" time="0.067"/>
</testsuite> <!-- Default test -->
