<?xml version="1.0" encoding="UTF-8"?>
<testng-results ignored="0" total="2" passed="2" failed="0" skipped="0">
  <reporter-output>
    <line>
      <![CDATA[ TC validateBannersexecution started]]>
    </line>
    <line>
      <![CDATA[ TC validatePresenceOfSortDropdownexecution started]]>
    </line>
  </reporter-output>
  <suite started-at="2024-08-09T15:15:59 IST" name="Default suite" finished-at="2024-08-09T15:16:17 IST" duration-ms="18100">
    <groups>
    </groups>
    <test started-at="2024-08-09T15:15:59 IST" name="Default test" finished-at="2024-08-09T15:16:17 IST" duration-ms="18100">
      <class name="CoverFoxListnerTestclass.ListnerTestClass">
        <test-method is-config="true" signature="launchBrowser()[pri:0, instance:CoverFoxListnerTestclass.ListnerTestClass@7ee8290b]" started-at="2024-08-09T15:15:59 IST" name="launchBrowser" finished-at="2024-08-09T15:16:07 IST" duration-ms="8121" status="PASS">
          <reporter-output>
          </reporter-output>
        </test-method> <!-- launchBrowser -->
        <test-method is-config="true" signature="preconditions()[pri:0, instance:CoverFoxListnerTestclass.ListnerTestClass@7ee8290b]" started-at="2024-08-09T15:16:07 IST" name="preconditions" finished-at="2024-08-09T15:16:17 IST" duration-ms="9562" status="PASS">
          <reporter-output>
          </reporter-output>
        </test-method> <!-- preconditions -->
        <test-method signature="validateBanners()[pri:0, instance:CoverFoxListnerTestclass.ListnerTestClass@7ee8290b]" started-at="2024-08-09T15:16:17 IST" name="validateBanners" finished-at="2024-08-09T15:16:17 IST" duration-ms="259" status="PASS">
          <reporter-output>
            <line>
              <![CDATA[ TC validateBannersexecution started]]>
            </line>
          </reporter-output>
        </test-method> <!-- validateBanners -->
        <test-method signature="validatePresenceOfSortDropdown()[pri:0, instance:CoverFoxListnerTestclass.ListnerTestClass@7ee8290b]" started-at="2024-08-09T15:16:17 IST" name="validatePresenceOfSortDropdown" finished-at="2024-08-09T15:16:17 IST" duration-ms="67" status="PASS">
          <reporter-output>
            <line>
              <![CDATA[ TC validatePresenceOfSortDropdownexecution started]]>
            </line>
          </reporter-output>
        </test-method> <!-- validatePresenceOfSortDropdown -->
        <test-method is-config="true" signature="closeBrowser()[pri:0, instance:CoverFoxListnerTestclass.ListnerTestClass@7ee8290b]" started-at="2024-08-09T15:16:17 IST" name="closeBrowser" finished-at="2024-08-09T15:16:17 IST" duration-ms="0" status="PASS">
          <reporter-output>
          </reporter-output>
        </test-method> <!-- closeBrowser -->
      </class> <!-- CoverFoxListnerTestclass.ListnerTestClass -->
    </test> <!-- Default test -->
  </suite> <!-- Default suite -->
</testng-results>
